2023-07-13 22:26:37,234 ansys.fluent.services.tui DEBUG    TUI Command: path: "/file/import/ideas_universal"
args {
  fields {
    key: "tui_args"
    value {
      list_value {
        values {
          string_value: "../mesh/cell1.unv"
        }
      }
    }
  }
}

2023-07-13 22:26:44,721 ansys.fluent.services.tui DEBUG    TUI Command: path: "/mesh/scale"
args {
  fields {
    key: "tui_args"
    value {
      list_value {
        values {
          string_value: "0.001"
        }
        values {
          string_value: "0.001"
        }
        values {
          string_value: "0.001"
        }
      }
    }
  }
}

2023-07-13 22:26:44,871 ansys.fluent.services.tui DEBUG    TUI Command: path: "/mesh/check"
args {
  fields {
    key: "tui_args"
    value {
      list_value {
      }
    }
  }
}

2023-07-13 22:26:45,277 ansys.fluent.services.tui DEBUG    TUI Command: path: "/define/boundary_conditions/zone_type"
args {
  fields {
    key: "tui_args"
    value {
      list_value {
        values {
          string_value: "connect_a"
        }
        values {
          string_value: "solid"
        }
      }
    }
  }
}

2023-07-13 22:26:46,877 ansys.fluent.services.tui DEBUG    TUI Command: path: "/define/boundary_conditions/zone_type"
args {
  fields {
    key: "tui_args"
    value {
      list_value {
        values {
          string_value: "connect_c"
        }
        values {
          string_value: "solid"
        }
      }
    }
  }
}

2023-07-13 22:26:48,277 ansys.fluent.services.tui DEBUG    TUI Command: path: "/define/boundary_conditions/zone_type"
args {
  fields {
    key: "tui_args"
    value {
      list_value {
        values {
          string_value: "interface-electrolyte"
        }
        values {
          string_value: "wall"
        }
      }
    }
  }
}

2023-07-13 22:26:48,876 ansys.fluent.services.tui DEBUG    TUI Command: path: "/define/models/addon_module"
args {
  fields {
    key: "tui_args"
    value {
      list_value {
        values {
          string_value: "4"
        }
      }
    }
  }
}

2023-07-13 22:26:50,925 ansys.fluent.services.tui DEBUG    TUI Command: path: "/define/models/sofc_model/enable_sofc_model"
args {
  fields {
    key: "tui_args"
    value {
      list_value {
        values {
          string_value: "yes"
        }
      }
    }
  }
}

2023-07-13 22:26:54,528 ansys.fluent.services.tui DEBUG    TUI Command: path: "/define/models/sofc_model/model_parameters"
args {
  fields {
    key: "tui_args"
    value {
      list_value {
        values {
          string_value: "yes"
        }
        values {
          string_value: "no"
        }
        values {
          string_value: "yes"
        }
        values {
          string_value: "yes"
        }
        values {
          string_value: "no"
        }
        values {
          string_value: "yes"
        }
        values {
          string_value: "yes"
        }
        values {
          string_value: "no"
        }
        values {
          string_value: "yes"
        }
        values {
          string_value: "1.20"
        }
        values {
          string_value: "0"
        }
        values {
          string_value: "0.3"
        }
        values {
          string_value: "1.0e-05"
        }
        values {
          string_value: "0.44"
        }
        values {
          string_value: "yes"
        }
      }
    }
  }
}

2023-07-13 22:26:54,725 ansys.fluent.services.tui DEBUG    TUI Command: path: "/define/models/sofc_model/electrochemistry"
args {
  fields {
    key: "tui_args"
    value {
      list_value {
        values {
          string_value: "0.000000"
        }
        values {
          string_value: "0.000000"
        }
        values {
          string_value: "yes"
        }
        values {
          string_value: "1.12e+07"
        }
        values {
          string_value: " 1.20e+05"
        }
        values {
          string_value: "yes"
        }
        values {
          string_value: "7.00e+06"
        }
        values {
          string_value: "1.00e+05"
        }
        values {
          string_value: "0.500000"
        }
        values {
          string_value: "0.500000"
        }
        values {
          string_value: "0.500000"
        }
        values {
          string_value: "0.500000"
        }
        values {
          string_value: "0.100000"
        }
        values {
          string_value: "0.210000"
        }
        values {
          string_value: "0.900000"
        }
        values {
          string_value: "1.000000"
        }
        values {
          string_value: "0.250000"
        }
        values {
          string_value: "1.000000"
        }
      }
    }
  }
}

2023-07-13 22:26:55,164 ansys.fluent.services.tui DEBUG    TUI Command: path: "/define/models/sofc_model/anode_interface"
args {
  fields {
    key: "tui_args"
    value {
      list_value {
        values {
          string_value: "20"
        }
        values {
          string_value: "()"
        }
      }
    }
  }
}

2023-07-13 22:26:55,424 ansys.fluent.services.tui DEBUG    TUI Command: path: "/define/models/sofc_model/cathode_interface"
args {
  fields {
    key: "tui_args"
    value {
      list_value {
        values {
          string_value: "43"
        }
        values {
          string_value: "()"
        }
      }
    }
  }
}

2023-07-13 22:26:55,628 ansys.fluent.services.tui DEBUG    TUI Command: path: "/define/models/sofc_model/pore_size_interface"
args {
  fields {
    key: "tui_args"
    value {
      list_value {
        values {
          string_value: "(anode . 1.5e-06)"
        }
        values {
          string_value: "(cathode . 1.5e-06)"
        }
      }
    }
  }
}

2023-07-13 22:26:55,826 ansys.fluent.services.tui DEBUG    TUI Command: path: "/define/models/sofc_model/tortuosity_interface"
args {
  fields {
    key: "tui_args"
    value {
      list_value {
        values {
          string_value: "(anode . 5)"
        }
        values {
          string_value: "(cathode . 5)"
        }
      }
    }
  }
}

2023-07-13 22:26:56,331 ansys.fluent.services.tui DEBUG    TUI Command: path: "/define/models/sofc_model/electric_field_model/conductive_regions"
args {
  fields {
    key: "tui_args"
    value {
      list_value {
        values {
          string_value: "(anode . 12.77)"
        }
        values {
          string_value: "(cathode . 30315.40)"
        }
        values {
          string_value: "(connect_a . 777000.00)"
        }
        values {
          string_value: "(connect_c . 777000.00)"
        }
      }
    }
  }
}

2023-07-13 22:26:56,598 ansys.fluent.services.tui DEBUG    TUI Command: path: "/define/models/sofc_model/electric_field_model/contact_resistance_regions"
args {
  fields {
    key: "tui_args"
    value {
      list_value {
        values {
          string_value: "(25 . 3.0e-06)"
        }
        values {
          string_value: "(13 . 3.0e-06)"
        }
      }
    }
  }
}

2023-07-13 22:26:56,808 ansys.fluent.services.tui DEBUG    TUI Command: path: "/define/models/sofc_model/electric_field_model/voltage_tap"
args {
  fields {
    key: "tui_args"
    value {
      list_value {
        values {
          string_value: "37"
        }
        values {
          string_value: "()"
        }
      }
    }
  }
}

2023-07-13 22:26:57,220 ansys.fluent.services.tui DEBUG    TUI Command: path: "/define/models/sofc_model/electric_field_model/current_tap"
args {
  fields {
    key: "tui_args"
    value {
      list_value {
        values {
          string_value: "7"
        }
        values {
          string_value: "()"
        }
      }
    }
  }
}

2023-07-13 22:26:59,367 ansys.fluent.services.tui DEBUG    TUI Command: path: "/define/materials/change_create"
args {
  fields {
    key: "tui_args"
    value {
      list_value {
        values {
          string_value: "anode-default"
        }
        values {
          string_value: "anode-default"
        }
        values {
          string_value: "yes"
        }
        values {
          string_value: "constant"
        }
        values {
          string_value: "3310.000000"
        }
        values {
          string_value: "yes"
        }
        values {
          string_value: "constant"
        }
        values {
          string_value: "450.000000"
        }
        values {
          string_value: "yes"
        }
        values {
          string_value: "constant"
        }
        values {
          string_value: "11.000000"
        }
        values {
          string_value: "no"
        }
      }
    }
  }
}

2023-07-13 22:26:59,621 ansys.fluent.services.tui DEBUG    TUI Command: path: "/define/materials/change_create"
args {
  fields {
    key: "tui_args"
    value {
      list_value {
        values {
          string_value: "cathode-default"
        }
        values {
          string_value: "cathode-default"
        }
        values {
          string_value: "yes"
        }
        values {
          string_value: "constant"
        }
        values {
          string_value: "3030.000000"
        }
        values {
          string_value: "yes"
        }
        values {
          string_value: "constant"
        }
        values {
          string_value: "430.000000"
        }
        values {
          string_value: "yes"
        }
        values {
          string_value: "constant"
        }
        values {
          string_value: "6.000000"
        }
        values {
          string_value: "no"
        }
      }
    }
  }
}

2023-07-13 22:26:59,922 ansys.fluent.services.tui DEBUG    TUI Command: path: "/define/materials/change_create"
args {
  fields {
    key: "tui_args"
    value {
      list_value {
        values {
          string_value: "cathode-collector-default"
        }
        values {
          string_value: "cathode-collector-default"
        }
        values {
          string_value: "yes"
        }
        values {
          string_value: "constant"
        }
        values {
          string_value: "3030.000000"
        }
        values {
          string_value: "yes"
        }
        values {
          string_value: "constant"
        }
        values {
          string_value: "550.000000"
        }
        values {
          string_value: "yes"
        }
        values {
          string_value: "constant"
        }
        values {
          string_value: "20.000000"
        }
        values {
          string_value: "no"
        }
      }
    }
  }
}

2023-07-13 22:27:00,272 ansys.fluent.services.tui DEBUG    TUI Command: path: "/define/materials/change_create"
args {
  fields {
    key: "tui_args"
    value {
      list_value {
        values {
          string_value: "anode-collector-default"
        }
        values {
          string_value: "anode-collector-default"
        }
        values {
          string_value: "yes"
        }
        values {
          string_value: "constant"
        }
        values {
          string_value: "3030.000000"
        }
        values {
          string_value: "yes"
        }
        values {
          string_value: "constant"
        }
        values {
          string_value: "550.000000"
        }
        values {
          string_value: "yes"
        }
        values {
          string_value: "constant"
        }
        values {
          string_value: "20.000000"
        }
        values {
          string_value: "no"
        }
      }
    }
  }
}

2023-07-13 22:27:00,572 ansys.fluent.services.tui DEBUG    TUI Command: path: "/define/operating_conditions/operating_pressure"
args {
  fields {
    key: "tui_args"
    value {
      list_value {
        values {
          string_value: "101325.000000"
        }
      }
    }
  }
}

2023-07-13 22:27:07,188 ansys.fluent.services.tui DEBUG    TUI Command: path: "/define/boundary_conditions/set/fluid"
args {
  fields {
    key: "tui_args"
    value {
      list_value {
        values {
          string_value: "anode"
        }
        values {
          string_value: "cathode"
        }
        values {
          string_value: "()"
        }
        values {
          string_value: "viscosity-ratio"
        }
        values {
          string_value: "brinkman"
        }
        values {
          string_value: "()"
        }
      }
    }
  }
}

2023-07-13 22:27:07,843 ansys.fluent.services.tui DEBUG    TUI Command: path: "/define/boundary_conditions/zone_type"
args {
  fields {
    key: "tui_args"
    value {
      list_value {
        values {
          string_value: "inlet_a"
        }
        values {
          string_value: "mass-flow-inlet"
        }
      }
    }
  }
}

2023-07-13 22:27:08,113 ansys.fluent.services.tui DEBUG    TUI Command: path: "/define/boundary_conditions/zone_type"
args {
  fields {
    key: "tui_args"
    value {
      list_value {
        values {
          string_value: "inlet_c"
        }
        values {
          string_value: "mass-flow-inlet"
        }
      }
    }
  }
}

2023-07-13 22:27:12,780 ansys.fluent.services.tui DEBUG    TUI Command: path: "/solve/set/p_v_coupling"
args {
  fields {
    key: "tui_args"
    value {
      list_value {
        values {
          string_value: "21"
        }
      }
    }
  }
}

2023-07-13 22:27:13,080 ansys.fluent.services.tui DEBUG    TUI Command: path: "/solve/set/gradient_scheme"
args {
  fields {
    key: "tui_args"
    value {
      list_value {
        values {
          string_value: "no"
        }
        values {
          string_value: "no"
        }
      }
    }
  }
}

2023-07-13 22:27:15,283 ansys.fluent.services.tui DEBUG    TUI Command: path: "/solve/set/under_relaxation"
args {
  fields {
    key: "tui_args"
    value {
      list_value {
        values {
          string_value: "pressure"
        }
        values {
          string_value: "0.300000"
        }
        values {
          string_value: "density"
        }
        values {
          string_value: "1.000000"
        }
        values {
          string_value: "body-force"
        }
        values {
          string_value: "1.000000"
        }
        values {
          string_value: "mom"
        }
        values {
          string_value: "0.700000"
        }
        values {
          string_value: "species-0"
        }
        values {
          string_value: "1.000000"
        }
        values {
          string_value: "species-1"
        }
        values {
          string_value: "1.000000"
        }
        values {
          string_value: "species-2"
        }
        values {
          string_value: "1.000000"
        }
        values {
          string_value: "temperature"
        }
        values {
          string_value: "1.000000"
        }
        values {
          string_value: "uds-0"
        }
        values {
          string_value: "1.000000"
        }
      }
    }
  }
}

2023-07-13 22:27:15,372 ansys.fluent.services.tui DEBUG    TUI Command: path: "/solve/report_definitions/add"
args {
  fields {
    key: "tui_args"
    value {
      list_value {
        values {
          string_value: "current"
        }
        values {
          string_value: "surface-areaavg"
        }
        values {
          string_value: "field"
        }
        values {
          string_value: "magnitude-of-current-density"
        }
        values {
          string_value: "surface-names"
        }
        values {
          string_value: "current"
        }
        values {
          string_value: "()"
        }
        values {
          string_value: "quit"
        }
      }
    }
  }
}

2023-07-13 22:27:15,522 ansys.fluent.services.tui DEBUG    TUI Command: path: "/solve/report_definitions/add"
args {
  fields {
    key: "tui_args"
    value {
      list_value {
        values {
          string_value: "max_temperature"
        }
        values {
          string_value: "volume-max"
        }
        values {
          string_value: "field"
        }
        values {
          string_value: "temperature"
        }
        values {
          string_value: "zone-names"
        }
        values {
          string_value: "anode"
        }
        values {
          string_value: "cathode"
        }
        values {
          string_value: "channel_a"
        }
        values {
          string_value: "channel_c"
        }
        values {
          string_value: "connect_a"
        }
        values {
          string_value: "connect_c()"
        }
        values {
          string_value: "quit"
        }
      }
    }
  }
}

2023-07-13 22:27:15,672 ansys.fluent.services.tui DEBUG    TUI Command: path: "/solve/report_definitions/add"
args {
  fields {
    key: "tui_args"
    value {
      list_value {
        values {
          string_value: "min_temperature"
        }
        values {
          string_value: "volume-min"
        }
        values {
          string_value: "field"
        }
        values {
          string_value: "temperature"
        }
        values {
          string_value: "zone-names"
        }
        values {
          string_value: "anode"
        }
        values {
          string_value: "cathode"
        }
        values {
          string_value: "channel_a"
        }
        values {
          string_value: "channel_c"
        }
        values {
          string_value: "connect_a"
        }
        values {
          string_value: "connect_c()"
        }
        values {
          string_value: "quit"
        }
      }
    }
  }
}

2023-07-13 22:27:15,821 ansys.fluent.services.tui DEBUG    TUI Command: path: "/solve/report_files/add"
args {
  fields {
    key: "tui_args"
    value {
      list_value {
        values {
          string_value: "current_file"
        }
        values {
          string_value: "report-defs"
        }
        values {
          string_value: "current"
        }
        values {
          string_value: "max_temperature"
        }
        values {
          string_value: "min_temperature"
        }
        values {
          string_value: "()"
        }
        values {
          string_value: "print?"
        }
        values {
          string_value: "no"
        }
        values {
          string_value: "file-name"
        }
        values {
          string_value: "../data/out/cell3.out"
        }
        values {
          string_value: "quit"
        }
      }
    }
  }
}

2023-07-13 22:27:15,923 ansys.fluent.services.tui DEBUG    TUI Command: path: "/solve/monitors/residual/check_convergence"
args {
  fields {
    key: "tui_args"
    value {
      list_value {
        values {
          string_value: "yes"
        }
        values {
          string_value: "yes"
        }
        values {
          string_value: "yes"
        }
        values {
          string_value: "yes"
        }
        values {
          string_value: "yes"
        }
        values {
          string_value: "yes"
        }
        values {
          string_value: "yes"
        }
        values {
          string_value: "yes"
        }
        values {
          string_value: "yes"
        }
      }
    }
  }
}

2023-07-13 22:27:16,022 ansys.fluent.services.tui DEBUG    TUI Command: path: "/solve/monitors/residual/criterion_type"
args {
  fields {
    key: "tui_args"
    value {
      list_value {
        values {
          string_value: "0"
        }
      }
    }
  }
}

2023-07-13 22:27:16,122 ansys.fluent.services.tui DEBUG    TUI Command: path: "/solve/monitors/residual/convergence_criteria"
args {
  fields {
    key: "tui_args"
    value {
      list_value {
        values {
          string_value: "1.0e-06"
        }
        values {
          string_value: "1.0e-06"
        }
        values {
          string_value: "1.0e-06"
        }
        values {
          string_value: "1.0e-06"
        }
        values {
          string_value: "1.0e-06"
        }
        values {
          string_value: "1.0e-06"
        }
        values {
          string_value: "1.0e-06"
        }
        values {
          string_value: "1.0e-06"
        }
        values {
          string_value: "1.0e-06"
        }
      }
    }
  }
}

2023-07-13 22:27:16,222 ansys.fluent.services.tui DEBUG    TUI Command: path: "/solve/monitors/residual/plot"
args {
  fields {
    key: "tui_args"
    value {
      list_value {
        values {
          string_value: "yes"
        }
      }
    }
  }
}

2023-07-13 22:27:16,322 ansys.fluent.services.tui DEBUG    TUI Command: path: "/solve/monitors/residual/print"
args {
  fields {
    key: "tui_args"
    value {
      list_value {
        values {
          string_value: "yes"
        }
      }
    }
  }
}

2023-07-13 22:27:16,653 ansys.fluent.services.tui DEBUG    TUI Command: path: "/solve/initialize/set_defaults"
args {
  fields {
    key: "tui_args"
    value {
      list_value {
        values {
          string_value: "temperature"
        }
        values {
          number_value: 1073.0
        }
      }
    }
  }
}

2023-07-13 22:27:16,729 ansys.fluent.services.tui DEBUG    TUI Command: path: "/solve/initialize/initialize_flow"
args {
  fields {
    key: "tui_args"
    value {
      list_value {
      }
    }
  }
}

2023-07-13 22:27:17,683 ansys.fluent.services.tui DEBUG    TUI Command: path: "/solve/set/reporting_interval"
args {
  fields {
    key: "tui_args"
    value {
      list_value {
        values {
          string_value: "10"
        }
      }
    }
  }
}

2023-07-13 22:27:17,770 ansys.fluent.services.tui DEBUG    TUI Command: path: "/solve/iterate"
args {
  fields {
    key: "tui_args"
    value {
      list_value {
        values {
          number_value: 200.0
        }
      }
    }
  }
}

2023-07-13 22:29:19,170 ansys.fluent.services.tui DEBUG    TUI Command: path: "/define/models/sofc_model/model_parameters"
args {
  fields {
    key: "tui_args"
    value {
      list_value {
        values {
          string_value: "yes"
        }
        values {
          string_value: "yes"
        }
        values {
          string_value: "yes"
        }
        values {
          string_value: "yes"
        }
        values {
          string_value: "no"
        }
        values {
          string_value: "yes"
        }
        values {
          string_value: "yes"
        }
        values {
          string_value: "no"
        }
        values {
          string_value: "yes"
        }
        values {
          string_value: "1.20"
        }
        values {
          string_value: "0"
        }
        values {
          string_value: "0.3"
        }
        values {
          string_value: "1.0e-05"
        }
        values {
          string_value: "0.44"
        }
        values {
          string_value: "yes"
        }
      }
    }
  }
}

2023-07-13 22:29:19,273 ansys.fluent.services.tui DEBUG    TUI Command: path: "/solve/monitors/residual/check_convergence"
args {
  fields {
    key: "tui_args"
    value {
      list_value {
        values {
          string_value: "yes"
        }
        values {
          string_value: "yes"
        }
        values {
          string_value: "yes"
        }
        values {
          string_value: "yes"
        }
        values {
          string_value: "yes"
        }
        values {
          string_value: "yes"
        }
        values {
          string_value: "yes"
        }
        values {
          string_value: "yes"
        }
        values {
          string_value: "yes"
        }
      }
    }
  }
}

2023-07-13 22:29:19,371 ansys.fluent.services.tui DEBUG    TUI Command: path: "/solve/monitors/residual/criterion_type"
args {
  fields {
    key: "tui_args"
    value {
      list_value {
        values {
          string_value: "0"
        }
      }
    }
  }
}

2023-07-13 22:29:19,471 ansys.fluent.services.tui DEBUG    TUI Command: path: "/solve/monitors/residual/convergence_criteria"
args {
  fields {
    key: "tui_args"
    value {
      list_value {
        values {
          string_value: "9.9e-07"
        }
        values {
          string_value: "9.9e-07"
        }
        values {
          string_value: "9.9e-07"
        }
        values {
          string_value: "9.9e-07"
        }
        values {
          string_value: "9.9e-07"
        }
        values {
          string_value: "9.9e-07"
        }
        values {
          string_value: "9.9e-07"
        }
        values {
          string_value: "9.9e-07"
        }
        values {
          string_value: "9.9e-07"
        }
      }
    }
  }
}

2023-07-13 22:29:19,571 ansys.fluent.services.tui DEBUG    TUI Command: path: "/solve/iterate"
args {
  fields {
    key: "tui_args"
    value {
      list_value {
        values {
          number_value: 300.0
        }
      }
    }
  }
}

