"current_file"
"Iteration" "current etc.."
("Iteration" "current" "max_temperature" "min_temperature")
1 0 1180.3 1060.028259076117
2 15205684.44348508 1063.808763417847 954.0254331685054
3 16205856.94580361 962.4342245435623 865.4713284632306
4 12078793.14100653 1039.60339951091 782.3713630614002
5 7994311.592409629 1061.824101635425 704.1342988848152
6 5163837.487481408 1053.774489566767 633.7208689963337
7 3297304.042804755 1054.48363128773 570.3487847067541
8 2084178.036740764 1054.904963799056 513.3139284165522
9 1302537.738633055 1054.41089588238 494.5134328562582
10 805074.3012186361 1052.237592885934 457.9344573740238
11 492985.3762470915 1053.26734265437 412.1410116366214
12 300381.9283261069 1052.307521268116 453.3551128002836
13 185804.5980564749 1052.796050829599 498.690624080312
14 120896.3647816432 1052.675464540769 548.5596864883432
15 83296.64976922184 1052.886769516264 603.4156551371776
16 58452.9512643851 1053.008075076012 663.7572206508954
17 41426.11734605105 1053.816787425981 730.132942715985
18 29603.33348143805 1053.941124147055 803.1462369875835
19 21344.8071043208 1054.23225236469 883.4608606863419
20 15563.19481456408 1054.431043063423 888.8473435991884
21 11508.74525414215 1054.624429606984 891.0787262461353
22 8662.116563488817 1054.783451241323 894.9177127535294
23 6662.76710267446 1054.933304852904 895.8497389613489
24 5258.919502769192 1055.071627119443 899.4678539199582
25 4274.094838450343 1055.201743732425 900.7333867330577
26 3584.1738092238 1055.326711742596 902.0537551827487
27 3101.601326226866 1055.446764372515 903.4538399300045
28 2764.665062803764 1055.562796011788 904.6519991907529
29 2529.854717120816 1055.675100849542 905.9206729145908
30 2366.535451745799 1055.78329565635 907.0435576022043
31 2253.226824502382 1055.88805102572 908.1218793511504
32 2174.846114194158 1055.989002444283 909.1582694332304
33 2120.855364209074 1056.086635943906 910.1544161447192
34 2083.89564714639 1056.180546112762 911.1126022554307
35 2058.821496200064 1056.271119101567 912.034343525354
36 2042.005467759649 1056.358280483069 912.9211877904424
37 2030.961956758666 1056.44219670266 913.7746553006388
38 2023.911652846779 1056.522922428467 914.5951678658977
39 2019.64953185079 1056.60066425655 915.3849554081598
40 2017.315684872322 1056.675600879031 916.1449652743818
41 2016.306098584974 1056.747595900261 916.8760980857949
42 2016.174358846173 1056.816753682748 917.5792130085298
43 2016.646268481405 1056.88328344187 918.255735351241
44 2017.522668721406 1056.947378380141 918.9064736769596
45 2018.660662102584 1057.008980442574 919.5327665418968
46 2019.973634939205 1057.068349336419 920.135411157331
47 2021.375039724962 1057.125373206856 920.7150296940937
48 2022.826177998137 1057.180260126788 921.2722596224805
49 2024.292703397006 1057.233030954699 921.8084925314574
50 2025.749018124917 1057.283846783337 922.3241694331722
51 2027.178807200192 1057.332619277634 922.8207982326014
52 2028.572738268057 1057.379566428676 923.2984829791229
53 2029.93186898336 1057.424780506568 923.7576816705687
54 2031.251112987722 1057.468223016138 924.2000588355503
55 2032.526156443721 1057.509998336705 924.6254050991704
56 2033.754323206622 1057.550195614559 925.0344976314453
57 2034.939755946678 1057.588860269154 925.4280669542483
58 2036.081567682127 1057.626055783194 925.8066085064529
59 2037.178795935043 1057.66183348521 926.1707810475256
60 2038.235233290497 1057.696248494828 926.5211571861072
61 2039.250811871779 1057.729351518076 926.8582316589387
62 2040.22547344879 1057.761188493627 927.1824330497966
63 2041.160275119579 1057.791820532176 927.4943083344567
64 2042.059374567312 1057.821283975177 927.7943117964736
65 2042.923548840928 1057.849625379977 928.082943794897
66 2043.755112556481 1057.876887133996 928.3606115431895
67 2044.554162578876 1057.903140748918 928.6277657319677
68 2045.321103660549 1057.928362603373 928.8847296313056
69 2046.057020494957 1057.952635081039 929.1319388153649
70 2046.764634091279 1057.975977937928 929.3697873814928
71 2047.444674767465 1057.998433624826 929.5985582922394
72 2048.098931510364 1058.020034314383 929.8186473279567
73 2048.727757275091 1058.040813687963 930.0303951248163
74 2049.331666603363 1058.060804653977 930.2341182421204
75 2049.912419320308 1058.080033028916 930.430099161059
76 2050.470600066616 1058.09852671204 930.6185690232146
77 2051.00682519996 1058.116314720063 930.799853594665
78 2051.522479513483 1058.133425230329 930.9742500411473
79 2052.018079984683 1058.149884195528 931.1420018519949
80 2052.494244249657 1058.165716219962 931.3033794721092
81 2052.952232443963 1058.180945438124 931.4586252526743
82 2053.39255370277 1058.195594274899 931.607884562934
83 2053.815723584538 1058.209683462575 931.7514661748766
84 2054.222719251098 1058.223236103215 931.889670334524
85 2054.614004191133 1058.236288474844 932.0224653873878
86 2054.990114039462 1058.248828681686 932.1504211839524
87 2055.351661166512 1058.260887455909 932.2734875794293
88 2055.699185822233 1058.272491882052 932.3918497971307
89 2056.033562614995 1058.283653646534 932.5057073387457
90 2056.354902062738 1058.294391719431 932.6152016985384
91 2056.664022055533 1058.304720964164 932.720547708512
92 2056.961334435508 1058.314657613824 932.82186459671
93 2057.24722475525 1058.324215386999 932.9192996628886
94 2057.522104470703 1058.333408550652 933.0129982432929
95 2057.786376736499 1058.342251609894 933.1032113771247
96 2058.040674767879 1058.350758797544 933.1899380357625
97 2058.285129553919 1058.358951461633 933.27334311137
98 2058.520282428862 1058.366823733107 933.3536561134496
99 2058.74655348683 1058.374391866452 933.4309038466306
100 2058.964118184908 1058.381675029104 933.5051818590674
101 2059.173290585783 1058.388680737806 933.5766307158951
102 2059.374408553023 1058.395419809846 933.6453629094818
103 2059.567808262673 1058.401902713908 933.711512082966
104 2059.753806397624 1058.408139627012 933.7751185685784
105 2059.93272124276 1058.41413892631 933.83632528207
106 2060.104798587637 1058.419910380606 933.8951815668779
107 2060.270324696697 1058.425461800178 933.9517888819476
108 2060.429524560625 1058.430801821471 934.0062519946297
109 2060.582750540933 1058.435938666313 934.0586420164244
110 2060.730059995369 1058.440880013711 934.1090442154698
111 2060.871790213355 1058.445633375731 934.1575262179769
112 2061.008033139108 1058.450205877953 934.2041680354066
113 2061.139122631301 1058.454604293251 934.2490327253475
114 2061.265149522365 1058.458835673583 934.2921945265078
115 2061.386420230402 1058.46291059763 934.3336851329225
116 2061.50301538027 1058.466821556179 934.3736483372061
117 2061.615247964856 1058.470586655117 934.4120913243822
118 2061.723212093008 1058.474208639597 934.4490487356184
119 2061.826971635176 1058.477693294844 934.4845963544918
120 2061.926798940807 1058.481045402729 934.5187920563814
121 2062.022840433142 1058.484270117867 934.5516870802682
122 2062.115222392977 1058.487372225743 934.5833308819014
123 2062.204075662466 1058.490356493295 934.6137853166243
124 2062.289534310185 1058.493227678392 934.6430827367489
125 2062.371741470582 1058.495989697509 934.6712498454955
126 2062.450820341238 1058.498646393296 934.6983428896775
127 2062.526879256743 1058.501201975066 934.7244075198374
128 2062.600035920508 1058.503660442416 934.7494939542008
129 2062.670403751436 1058.506028229901 934.7736201681619
130 2062.738099502066 1058.508303543195 934.7968334018079
131 2062.803241035284 1058.510491365912 934.8191592883522
132 2062.865981397006 1058.512598881824 934.8406194116546
133 2062.926329674332 1058.51462395144 934.8612756538104
134 2062.984366774702 1058.516570889904 934.8811652561709
135 2063.040154404454 1058.518444687754 934.9002845886012
136 2063.093790921972 1058.52024926727 934.9186624502394
137 2063.145368663238 1058.521983309447 934.9363634867843
138 2063.194989256509 1058.523650683727 934.9533874255682
139 2063.242714772735 1058.525255289874 934.9697597910688
140 2063.288618448646 1058.52679880506 934.9855081157096
141 2063.332772033636 1058.528283682763 935.0006569872648
142 2063.37524405617 1058.529712114013 935.0152295360848
143 2063.416099554815 1058.531086172638 935.0292504097894
144 2063.455400534917 1058.532408084356 935.0427348698882
145 2063.493206851768 1058.533679695383 935.055708911476
146 2063.529574684137 1058.534903008476 935.0681870432546
147 2063.564559192285 1058.536079833394 935.0801908351959
148 2063.598212520428 1058.537211876315 935.0917348206156
149 2063.630660756258 1058.538299723044 935.1028449454436
150 2063.661810590172 1058.539348273844 935.1135276510742
151 2063.691812014196 1058.540354668169 935.1238052568636
152 2063.7206731131 1058.541324059729 935.1336917056626
153 2063.748418634911 1058.542256218225 935.1432020709919
154 2063.775091006428 1058.54315303875 935.1523508044368
155 2063.800736284629 1058.544015754089 935.1611517354893
156 2063.825154548327 1058.544845685895 935.1696181393166
157 2063.848691727378 1058.545644074295 935.1777627623003
158 2063.871388428374 1058.546412119787 935.18559785065
159 2063.893262875685 1058.547150975571 935.1931351737726
160 2063.914334678384 1058.547861713674 935.2003873752698
161 2063.934625817647 1058.54854545056 935.2073635722144
162 2063.954160178317 1058.549203262695 935.2140730058328
163 2063.972962030909 1058.54983606999 935.2205276329778
164 2063.991055967943 1058.550444809208 935.2267372339978
165 2064.008466835248 1058.551031072665 935.2327071179938
166 2064.025219188247 1058.551594426979 935.2384574339984
167 2064.041341429773 1058.552136135099 935.2439880611022
168 2064.056851499692 1058.552657451298 935.2493071880368
169 2064.071771583398 1058.553158928369 935.2544237074387
170 2064.086124145814 1058.553641907769 935.2593424160169
171 2064.099931055359 1058.554106019933 935.2640800737024
172 2064.113216899874 1058.554552304286 935.2686366528351
173 2064.125997246806 1058.5549817914 935.2730189381409
174 2064.138058569755 1058.555394935632 935.2772342765654
175 2064.149691916215 1058.555792391887 935.2812892375127
176 2064.16093659955 1058.55617474639 935.2851900030905
177 2064.171796744755 1058.556542572865 935.2889424753416
178 2064.182275046064 1058.556896421751 935.2925523126687
179 2064.192376944598 1058.557236823725 935.2960249471926
180 2064.2021101889 1058.557564289452 935.2993655996639
181 2064.211484224271 1058.557879293691 935.3025798781325
182 2064.220509430144 1058.558182347314 935.3056712591414
183 2064.229196998291 1058.558473890237 935.3086451424381
184 2064.237557959518 1058.558754345007 935.3115060973424
185 2064.245603653374 1058.559024141117 935.3142583599167
186 2064.253345346838 1058.559283682924 935.316906043028
187 2064.260794052409 1058.559533360537 935.3194531128929
188 2064.26796043891 1058.559773549157 935.3219033895032
189 2064.274855079482 1058.560004609424 935.324260549314
190 2064.281488108356 1058.560226888375 935.326528129612
191 2064.287869313927 1058.560440719796 935.3287095344158
192 2064.293775776887 1058.56064642486 935.3308080384728
193 2064.299713138325 1058.560844312026 935.3328267917586
194 2064.305228133438 1058.561034678942 935.3347688251333
195 2064.310766623043 1058.561217810945 935.3366370538927
196 2064.315902400114 1058.561393983432 935.3384342833675
197 2064.32083102923 1058.561563460502 935.3401632117441
198 2064.325600194248 1058.561726488215 935.3418267389554
199 2064.330218589359 1058.561883330956 935.3434266631621
200 2064.334686155337 1058.562033876075 935.3449648276218
201 2064.339017191137 1058.562179182753 935.3464450225437
202 2064.343200602668 1058.564615623027 935.3525971362499
203 2064.347229965109 1058.564999217192 935.3595421414693
204 2064.359977285586 1058.56602184692 935.3668832011965
205 2064.37843099341 1058.566815277122 935.374350265218
206 2064.399639079304 1058.567603454715 935.3817642726482
207 2064.421599029318 1058.568345142998 935.3890380283515
208 2064.442975413681 1058.569056537368 935.3961093736881
209 2064.4635785962 1058.569737896863 935.4029543778004
210 2064.483278595373 1058.570391916318 935.4095636261327
211 2064.502089023041 1058.571020112759 935.4159372123617
212 2064.520078037509 1058.571623913594 935.4220765858574
213 2064.537318558979 1058.572204515565 935.4279863656349
214 2064.553877817543 1058.572762852114 935.4336762040325
215 2064.569803319244 1058.573299904586 935.4391505311786
216 2064.585122073805 1058.573816515356 935.4444180035476
217 2064.599863680828 1058.574314019326 935.4494831925302
218 2064.614052744825 1058.574792078894 935.4543624166133
219 2064.627707319342 1058.575251756231 935.459055458855
220 2064.640845590252 1058.575694150513 935.4635694335445
221 2064.653249313665 1058.576119711486 935.4679114621872
222 2064.665459278339 1058.576529118458 935.4720883371891
223 2064.676989902437 1058.576922980187 935.4761064806351
224 2064.688103664492 1058.577301885342 935.4799719771653
225 2064.698839374501 1058.577666401133 935.4836906381065
226 2064.70920313888 1058.578017071209 935.4872682188493
227 2064.719198956499 1058.578354806546 935.4907073730101
228 2064.728828233356 1058.578679346671 935.4940202842942
229 2064.738109176124 1058.578991431859 935.4972066084139
230 2064.74704388714 1058.579292109551 935.5002691062281
231 2064.755643480748 1058.579581017447 935.5032192611372
232 2064.763922575586 1058.579859173963 935.5060541349186
233 2064.771890647169 1058.580126577998 935.5087840269231
234 2064.779560190154 1058.580383681685 935.5114099643281
235 2064.786939599402 1058.580631139116 935.5139348348986
236 2064.794039149507 1058.580869191957 935.5163635210473
237 2064.800869228815 1058.581098205215 935.5186999072276
238 2064.807440054677 1058.581318520746 935.520947634098
239 2064.813761480571 1058.581530470663 935.5231097489594
240 2064.819609793383 1058.581734365874 935.5251898713111
241 2064.825490372626 1058.581930522339 935.5271908269636
242 2064.830951653673 1058.582119436265 935.5291146913706
243 2064.83643865145 1058.582300979017 935.5309676803545
244 2064.841526884887 1058.582475545532 935.5327500414379
245 2064.846411529651 1058.582643549118 935.5344642359672
246 2064.851136831275 1058.582805160102 935.5361130376643
247 2064.855711590893 1058.582960637495 935.5376992924439
248 2064.860138796886 1058.58310987688 935.5392242966324
249 2064.864430141239 1058.583253928733 935.5406917602056
250 2064.868574496261 1058.583392319767 935.5421038441521
251 2064.872566061065 1058.583525649989 935.5434613487992
252 2064.876407079159 1058.583653762164 935.5447689605317
253 2064.880103537771 1058.583776956517 935.546026622849
254 2064.88366027459 1058.583895513414 935.5472362233446
255 2064.887082537019 1058.584009560864 935.5483997793812
256 2064.890375611602 1058.58411927963 935.5495191047257
257 2064.893544345021 1058.584224831585 935.5505959008531
258 2064.896593371627 1058.584326375456 935.5516317927868
259 2064.899527120747 1058.584424063047 935.5526283380209
260 2064.902349873363 1058.584518040824 935.5535870328586
261 2064.904832998981 1058.584608449683 935.5545093161132
262 2064.907448802162 1058.584695424727 935.5553965710043
263 2064.909779465409 1058.584779096896 935.5562501285491
264 2064.912248749915 1058.584859591012 935.5570712684408
265 2064.914444623236 1058.584937028412 935.5578612224195
266 2064.916761390632 1058.585011524561 935.5586211745218
267 2064.918816461634 1058.585083191785 935.5593522648545
268 2064.920746070747 1058.58515213702 935.5600555893546
269 2064.922848882743 1058.585218463645 935.5607322023495
270 2064.924717800807 1058.585282271589 935.5613831184952
